2021-09-08 19:28:18,132 [INFO] Activator:177 - 


2021-09-08 19:28:18,134 [INFO] Activator:178 - !SESSION log4j initialized
2021-09-09 12:20:40,093 [INFO] Activator:177 - 


2021-09-09 12:20:40,095 [INFO] Activator:178 - !SESSION log4j initialized
2021-09-09 12:21:13,154 [INFO] McuFinderGlobals:39 - Set McuFinder mode to 2 (CubeIDE integrated)
2021-09-09 12:21:15,701 [INFO] ApplicationProperties:181 - Using Application install path: C:\ST\STM32CubeIDE_1.7.0\STM32CubeIDE\plugins\com.st.stm32cube.common.mx_6.3.0.202107141111
2021-09-09 12:21:15,778 [INFO] DbMcusXml:74 - Set database path to: C:\ST\STM32CubeIDE_1.7.0\STM32CubeIDE\plugins\com.st.stm32cube.common.mx_6.3.0.202107141111\\db\/mcu/
2021-09-09 12:21:15,783 [INFO] DbBoardsPdsc:56 - Set plugin database path to: C:\ST\STM32CubeIDE_1.7.0\STM32CubeIDE\plugins\com.st.stm32cube.common.mx_6.3.0.202107141111\\db\/plugins/boardmanager/
2021-09-09 12:21:15,784 [INFO] DbMcus:258 - Set plugin images path to: C:\ST\STM32CubeIDE_1.7.0\STM32CubeIDE\plugins\com.st.stm32cube.common.mx_6.3.0.202107141111\\db\/plugins/mcufinder/images/
2021-09-09 12:21:15,784 [INFO] DbBoards:264 - Set plugin images path to: C:\ST\STM32CubeIDE_1.7.0\STM32CubeIDE\plugins\com.st.stm32cube.common.mx_6.3.0.202107141111\\db\/plugins/mcufinder/images/
2021-09-09 12:21:15,788 [INFO] DbExamples:333 - Set plugin images path to: C:\ST\STM32CubeIDE_1.7.0\STM32CubeIDE\plugins\com.st.stm32cube.common.mx_6.3.0.202107141111\\db\/plugins/mcufinder/images/
2021-09-09 12:21:18,446 [ERROR] ApiFinderProperties:213 - Failed to read file additional_hw_images/X-NUCLEO-S2915A1.jpg: C:\Users\Kortak\.stmcufinder\plugins\mcufinder\mcu\additional_hw_images\X-NUCLEO-S2915A1.jpg (The system cannot find the path specified)
2021-09-09 12:21:18,450 [ERROR] ApiFinderProperties:213 - Failed to read file additional_hw_images/X-NUCLEO-S2868A2.jpg: C:\Users\Kortak\.stmcufinder\plugins\mcufinder\mcu\additional_hw_images\X-NUCLEO-S2868A2.jpg (The system cannot find the path specified)
2021-09-09 12:21:18,454 [ERROR] ApiFinderProperties:213 - Failed to read file additional_hw_images/X-NUCLEO-S2868A1.jpg: C:\Users\Kortak\.stmcufinder\plugins\mcufinder\mcu\additional_hw_images\X-NUCLEO-S2868A1.jpg (The system cannot find the path specified)
2021-09-09 12:21:18,458 [ERROR] ApiFinderProperties:213 - Failed to read file additional_hw_images/X-NUCLEO-NFC04A1.jpg: C:\Users\Kortak\.stmcufinder\plugins\mcufinder\mcu\additional_hw_images\X-NUCLEO-NFC04A1.jpg (The system cannot find the path specified)
2021-09-09 12:21:18,461 [ERROR] ApiFinderProperties:213 - Failed to read file additional_hw_images/X-NUCLEO-IDB05A2.jpg: C:\Users\Kortak\.stmcufinder\plugins\mcufinder\mcu\additional_hw_images\X-NUCLEO-IDB05A2.jpg (The system cannot find the path specified)
2021-09-09 12:21:18,463 [ERROR] ApiFinderProperties:213 - Failed to read file additional_hw_images/X-NUCLEO-EEPRMA2.jpg: C:\Users\Kortak\.stmcufinder\plugins\mcufinder\mcu\additional_hw_images\X-NUCLEO-EEPRMA2.jpg (The system cannot find the path specified)
2021-09-09 12:21:18,466 [ERROR] ApiFinderProperties:213 - Failed to read file additional_hw_images/X-NUCLEO-EEPRMA1.jpg: C:\Users\Kortak\.stmcufinder\plugins\mcufinder\mcu\additional_hw_images\X-NUCLEO-EEPRMA1.jpg (The system cannot find the path specified)
2021-09-09 12:21:18,468 [ERROR] ApiFinderProperties:213 - Failed to read file additional_hw_images/X-NUCLEO-6283A1.jpg: C:\Users\Kortak\.stmcufinder\plugins\mcufinder\mcu\additional_hw_images\X-NUCLEO-6283A1.jpg (The system cannot find the path specified)
2021-09-09 12:21:18,471 [ERROR] ApiFinderProperties:213 - Failed to read file additional_hw_images/VD6283TX.jpg: C:\Users\Kortak\.stmcufinder\plugins\mcufinder\mcu\additional_hw_images\VD6283TX.jpg (The system cannot find the path specified)
2021-09-09 12:21:18,473 [ERROR] ApiFinderProperties:213 - Failed to read file additional_hw_images/ST25DV04K.jpg: C:\Users\Kortak\.stmcufinder\plugins\mcufinder\mcu\additional_hw_images\ST25DV04K.jpg (The system cannot find the path specified)
2021-09-09 12:21:18,475 [ERROR] ApiFinderProperties:213 - Failed to read file additional_hw_images/S2-LP.jpg: C:\Users\Kortak\.stmcufinder\plugins\mcufinder\mcu\additional_hw_images\S2-LP.jpg (The system cannot find the path specified)
2021-09-09 12:21:18,476 [ERROR] ApiFinderProperties:213 - Failed to read file additional_hw_images/M95M04-DR.jpg: C:\Users\Kortak\.stmcufinder\plugins\mcufinder\mcu\additional_hw_images\M95M04-DR.jpg (The system cannot find the path specified)
2021-09-09 12:21:18,477 [ERROR] ApiFinderProperties:213 - Failed to read file additional_hw_images/M95M01-DF.jpg: C:\Users\Kortak\.stmcufinder\plugins\mcufinder\mcu\additional_hw_images\M95M01-DF.jpg (The system cannot find the path specified)
2021-09-09 12:21:18,477 [ERROR] ApiFinderProperties:213 - Failed to read file additional_hw_images/M95256-DF.jpg: C:\Users\Kortak\.stmcufinder\plugins\mcufinder\mcu\additional_hw_images\M95256-DF.jpg (The system cannot find the path specified)
2021-09-09 12:21:18,478 [ERROR] ApiFinderProperties:213 - Failed to read file additional_hw_images/M95040-R.jpg: C:\Users\Kortak\.stmcufinder\plugins\mcufinder\mcu\additional_hw_images\M95040-R.jpg (The system cannot find the path specified)
2021-09-09 12:21:18,478 [ERROR] ApiFinderProperties:213 - Failed to read file additional_hw_images/M24M01-DF.jpg: C:\Users\Kortak\.stmcufinder\plugins\mcufinder\mcu\additional_hw_images\M24M01-DF.jpg (The system cannot find the path specified)
2021-09-09 12:21:18,478 [ERROR] ApiFinderProperties:213 - Failed to read file additional_hw_images/M24C02-F.jpg: C:\Users\Kortak\.stmcufinder\plugins\mcufinder\mcu\additional_hw_images\M24C02-F.jpg (The system cannot find the path specified)
2021-09-09 12:21:18,479 [ERROR] ApiFinderProperties:213 - Failed to read file additional_hw_images/M24256-DF.jpg: C:\Users\Kortak\.stmcufinder\plugins\mcufinder\mcu\additional_hw_images\M24256-DF.jpg (The system cannot find the path specified)
2021-09-09 12:21:18,479 [ERROR] ApiFinderProperties:213 - Failed to read file additional_hw_images/BlueNRG-M0.jpg: C:\Users\Kortak\.stmcufinder\plugins\mcufinder\mcu\additional_hw_images\BlueNRG-M0.jpg (The system cannot find the path specified)
2021-09-09 12:21:19,296 [INFO] DbMcusAds:119 - Set database path to: C:\Users\Kortak\.stmcufinder\plugins\mcufinder//mcu/
2021-09-09 12:21:19,301 [INFO] DbMcusDocs:110 - Set database path to: C:\Users\Kortak\.stmcufinder\plugins\mcufinder//mcu/
2021-09-09 12:21:19,385 [INFO] DbMcusJson:64 - Set database path to: C:\Users\Kortak\.stmcufinder\plugins\mcufinder//mcu/
2021-09-09 12:21:19,386 [INFO] DbBoardsDocs:110 - Set database path to: C:\Users\Kortak\.stmcufinder\plugins\mcufinder//mcu/
2021-09-09 12:21:19,398 [INFO] DbBoardsJson:57 - Set database path to: C:\Users\Kortak\.stmcufinder\plugins\mcufinder//mcu/
2021-09-09 12:21:19,660 [INFO] CrossReferenceDbSqlite:196 - Set database path to: C:\Users\Kortak\.stmcufinder\plugins\mcufinder//mcu/cs/
2021-09-09 12:21:19,665 [INFO] DbExamplesSqlite:767 - Set database path to: C:\Users\Kortak\.stmcufinder\plugins\mcufinder//mcu/
2021-09-09 12:21:20,624 [INFO] RulesReader:57 - Compatibility file has been processed (242 Rules)
2021-09-09 12:21:24,112 [INFO] DbMcusXml:74 - Set database path to: C:\ST\STM32CubeIDE_1.7.0\STM32CubeIDE\plugins\com.st.stm32cube.common.mx_6.3.0.202107141111\\db\/mcu/
2021-09-09 12:21:24,112 [INFO] DbBoardsPdsc:56 - Set plugin database path to: C:\ST\STM32CubeIDE_1.7.0\STM32CubeIDE\plugins\com.st.stm32cube.common.mx_6.3.0.202107141111\\db\/plugins/boardmanager/
2021-09-09 12:21:24,112 [INFO] DbMcus:258 - Set plugin images path to: C:\ST\STM32CubeIDE_1.7.0\STM32CubeIDE\plugins\com.st.stm32cube.common.mx_6.3.0.202107141111\\db\/plugins/mcufinder/images/
2021-09-09 12:21:24,112 [INFO] DbBoards:264 - Set plugin images path to: C:\ST\STM32CubeIDE_1.7.0\STM32CubeIDE\plugins\com.st.stm32cube.common.mx_6.3.0.202107141111\\db\/plugins/mcufinder/images/
2021-09-09 12:21:24,113 [INFO] DbExamples:333 - Set plugin images path to: C:\ST\STM32CubeIDE_1.7.0\STM32CubeIDE\plugins\com.st.stm32cube.common.mx_6.3.0.202107141111\\db\/plugins/mcufinder/images/
2021-09-09 12:21:24,113 [WARN] DbFile:35 - Overriding database path with different value: C:\Users\Kortak\.stmcufinder\plugins\mcufinder/ => C:\Users\Kortak\.stmcufinder\plugins\mcufinder
2021-09-09 12:21:24,113 [INFO] DbMcusAds:119 - Set database path to: C:\Users\Kortak\.stmcufinder\plugins\mcufinder//mcu/
2021-09-09 12:21:24,113 [WARN] DbFile:35 - Overriding database path with different value: C:\Users\Kortak\.stmcufinder\plugins\mcufinder/ => C:\Users\Kortak\.stmcufinder\plugins\mcufinder
2021-09-09 12:21:24,113 [INFO] DbMcusDocs:110 - Set database path to: C:\Users\Kortak\.stmcufinder\plugins\mcufinder//mcu/
2021-09-09 12:21:24,113 [WARN] DbFile:35 - Overriding database path with different value: C:\Users\Kortak\.stmcufinder\plugins\mcufinder/ => C:\Users\Kortak\.stmcufinder\plugins\mcufinder
2021-09-09 12:21:24,114 [INFO] DbMcusJson:64 - Set database path to: C:\Users\Kortak\.stmcufinder\plugins\mcufinder//mcu/
2021-09-09 12:21:24,114 [WARN] DbFile:35 - Overriding database path with different value: C:\Users\Kortak\.stmcufinder\plugins\mcufinder/ => C:\Users\Kortak\.stmcufinder\plugins\mcufinder
2021-09-09 12:21:24,114 [INFO] DbBoardsDocs:110 - Set database path to: C:\Users\Kortak\.stmcufinder\plugins\mcufinder//mcu/
2021-09-09 12:21:24,114 [WARN] DbFile:35 - Overriding database path with different value: C:\Users\Kortak\.stmcufinder\plugins\mcufinder/ => C:\Users\Kortak\.stmcufinder\plugins\mcufinder
2021-09-09 12:21:24,115 [INFO] DbBoardsJson:57 - Set database path to: C:\Users\Kortak\.stmcufinder\plugins\mcufinder//mcu/
2021-09-09 12:21:24,115 [WARN] DbFile:35 - Overriding database path with different value: C:\Users\Kortak\.stmcufinder\plugins\mcufinder/ => C:\Users\Kortak\.stmcufinder\plugins\mcufinder
2021-09-09 12:21:24,115 [WARN] DbFile:35 - Overriding database path with different value: C:\Users\Kortak\.stmcufinder\plugins\mcufinder/ => C:\Users\Kortak\.stmcufinder\plugins\mcufinder
2021-09-09 12:21:24,115 [INFO] CrossReferenceDbSqlite:196 - Set database path to: C:\Users\Kortak\.stmcufinder\plugins\mcufinder//mcu/cs/
2021-09-09 12:21:24,115 [WARN] DbFile:35 - Overriding database path with different value: C:\Users\Kortak\.stmcufinder\plugins\mcufinder/ => C:\Users\Kortak\.stmcufinder\plugins\mcufinder
2021-09-09 12:21:24,115 [INFO] DbExamplesSqlite:767 - Set database path to: C:\Users\Kortak\.stmcufinder\plugins\mcufinder//mcu/
2021-09-09 12:21:25,645 [INFO] MainPanel:214 - HeapMemory: 268435456
2021-09-09 12:21:27,899 [INFO] DbMcusXml:74 - Set database path to: C:\ST\STM32CubeIDE_1.7.0\STM32CubeIDE\plugins\com.st.stm32cube.common.mx_6.3.0.202107141111\\db\/mcu/
2021-09-09 12:21:27,899 [INFO] DbBoardsPdsc:56 - Set plugin database path to: C:\ST\STM32CubeIDE_1.7.0\STM32CubeIDE\plugins\com.st.stm32cube.common.mx_6.3.0.202107141111\\db\/plugins/boardmanager/
2021-09-09 12:21:27,900 [INFO] DbMcus:258 - Set plugin images path to: C:\ST\STM32CubeIDE_1.7.0\STM32CubeIDE\plugins\com.st.stm32cube.common.mx_6.3.0.202107141111\\db\/plugins/mcufinder/images/
2021-09-09 12:21:27,900 [INFO] DbBoards:264 - Set plugin images path to: C:\ST\STM32CubeIDE_1.7.0\STM32CubeIDE\plugins\com.st.stm32cube.common.mx_6.3.0.202107141111\\db\/plugins/mcufinder/images/
2021-09-09 12:21:27,900 [INFO] DbExamples:333 - Set plugin images path to: C:\ST\STM32CubeIDE_1.7.0\STM32CubeIDE\plugins\com.st.stm32cube.common.mx_6.3.0.202107141111\\db\/plugins/mcufinder/images/
2021-09-09 12:21:27,912 [WARN] DbFile:35 - Overriding database path with different value: C:\Users\Kortak\.stmcufinder\plugins\mcufinder/ => C:\Users\Kortak\.stmcufinder\plugins\mcufinder
2021-09-09 12:21:27,912 [INFO] DbMcusAds:119 - Set database path to: C:\Users\Kortak\.stmcufinder\plugins\mcufinder//mcu/
2021-09-09 12:21:27,913 [WARN] DbFile:35 - Overriding database path with different value: C:\Users\Kortak\.stmcufinder\plugins\mcufinder/ => C:\Users\Kortak\.stmcufinder\plugins\mcufinder
2021-09-09 12:21:27,913 [INFO] DbMcusDocs:110 - Set database path to: C:\Users\Kortak\.stmcufinder\plugins\mcufinder//mcu/
2021-09-09 12:21:27,913 [WARN] DbFile:35 - Overriding database path with different value: C:\Users\Kortak\.stmcufinder\plugins\mcufinder/ => C:\Users\Kortak\.stmcufinder\plugins\mcufinder
2021-09-09 12:21:27,913 [INFO] DbMcusJson:64 - Set database path to: C:\Users\Kortak\.stmcufinder\plugins\mcufinder//mcu/
2021-09-09 12:21:27,913 [WARN] DbFile:35 - Overriding database path with different value: C:\Users\Kortak\.stmcufinder\plugins\mcufinder/ => C:\Users\Kortak\.stmcufinder\plugins\mcufinder
2021-09-09 12:21:27,914 [INFO] DbBoardsDocs:110 - Set database path to: C:\Users\Kortak\.stmcufinder\plugins\mcufinder//mcu/
2021-09-09 12:21:27,914 [WARN] DbFile:35 - Overriding database path with different value: C:\Users\Kortak\.stmcufinder\plugins\mcufinder/ => C:\Users\Kortak\.stmcufinder\plugins\mcufinder
2021-09-09 12:21:27,914 [INFO] DbBoardsJson:57 - Set database path to: C:\Users\Kortak\.stmcufinder\plugins\mcufinder//mcu/
2021-09-09 12:21:27,914 [WARN] DbFile:35 - Overriding database path with different value: C:\Users\Kortak\.stmcufinder\plugins\mcufinder/ => C:\Users\Kortak\.stmcufinder\plugins\mcufinder
2021-09-09 12:21:27,914 [WARN] DbFile:35 - Overriding database path with different value: C:\Users\Kortak\.stmcufinder\plugins\mcufinder/ => C:\Users\Kortak\.stmcufinder\plugins\mcufinder
2021-09-09 12:21:27,914 [INFO] CrossReferenceDbSqlite:196 - Set database path to: C:\Users\Kortak\.stmcufinder\plugins\mcufinder//mcu/cs/
2021-09-09 12:21:27,914 [WARN] DbFile:35 - Overriding database path with different value: C:\Users\Kortak\.stmcufinder\plugins\mcufinder/ => C:\Users\Kortak\.stmcufinder\plugins\mcufinder
2021-09-09 12:21:27,914 [INFO] DbExamplesSqlite:767 - Set database path to: C:\Users\Kortak\.stmcufinder\plugins\mcufinder//mcu/
2021-09-09 12:21:28,183 [INFO] ApplicationProperties:181 - Using Application install path: C:\ST\STM32CubeIDE_1.7.0\STM32CubeIDE\plugins\com.st.stm32cube.common.mx_6.3.0.202107141111
2021-09-09 12:21:28,185 [INFO] PluginManage:188 - Search for loadable plugins [exclusion list=, ]
2021-09-09 12:21:28,236 [INFO] PluginManage:302 - Check plugin analytics
2021-09-09 12:21:29,142 [INFO] AnalyticsPlugin:257 - Accepted Software Licenses: STM32CubeMX.5.4.0
2021-09-09 12:21:29,143 [INFO] AnalyticsPlugin:259 - Accepted CMSIS Pack Licenses: 
2021-09-09 12:21:29,144 [INFO] AnalyticsPlugin:261 - Accepted Firmware Licenses: 
2021-09-09 12:21:29,144 [INFO] PluginManage:352 - Loaded plugin analytics (category:tool,tabindex:-1)
2021-09-09 12:21:29,145 [INFO] PluginManage:302 - Check plugin clock
2021-09-09 12:21:29,501 [INFO] PluginManage:352 - Loaded plugin clock (category:base,tabindex:2)
2021-09-09 12:21:29,501 [INFO] PluginManage:302 - Check plugin ddr
2021-09-09 12:21:29,532 [INFO] PluginManage:352 - Loaded plugin ddr (category:tool,tabindex:6)
2021-09-09 12:21:29,532 [INFO] PluginManage:302 - Check plugin filemanager
2021-09-09 12:21:30,683 [INFO] PluginManage:352 - Loaded plugin filemanager (category:base,tabindex:10)
2021-09-09 12:21:30,683 [INFO] PluginManage:302 - Check plugin ipmanager
2021-09-09 12:21:30,752 [INFO] PluginManage:352 - Loaded plugin ipmanager (category:base,tabindex:5)
2021-09-09 12:21:30,753 [INFO] PluginManage:302 - Check plugin pinoutandconfiguration
2021-09-09 12:21:30,834 [INFO] PluginManage:352 - Loaded plugin pinoutandconfiguration (category:base,tabindex:1)
2021-09-09 12:21:30,834 [INFO] PluginManage:302 - Check plugin pinoutconfig
2021-09-09 12:21:31,050 [INFO] PluginManage:352 - Loaded plugin pinoutconfig (category:base,tabindex:0)
2021-09-09 12:21:31,051 [INFO] PluginManage:302 - Check plugin power
2021-09-09 12:21:31,205 [INFO] PluginManage:352 - Loaded plugin power (category:power,tabindex:4)
2021-09-09 12:21:31,206 [INFO] PluginManage:302 - Check plugin projectmanager
2021-09-09 12:21:31,253 [INFO] PluginManage:352 - Loaded plugin projectmanager (category:projectmanager,tabindex:3)
2021-09-09 12:21:31,253 [INFO] PluginManage:302 - Check plugin thirdparty
2021-09-09 12:21:32,129 [WARN] IntegrityCheckThread:78 - waiting for thirdparty lock release [integrity check]
2021-09-09 12:21:32,130 [INFO] IntegrityCheckThread:80 - entering critical section [integrity check]
2021-09-09 12:21:32,130 [INFO] PluginManage:352 - Loaded plugin thirdparty (category:base,tabindex:-1)
2021-09-09 12:21:32,130 [INFO] ThirdPartyUpdaterWithRetryManager:66 - Updater plugin not ready yet. [1/15]
2021-09-09 12:21:32,131 [INFO] PluginManage:302 - Check plugin tools
2021-09-09 12:21:32,201 [INFO] PluginManage:352 - Loaded plugin tools (category:base,tabindex:7)
2021-09-09 12:21:32,201 [INFO] PluginManage:302 - Check plugin tutovideos
2021-09-09 12:21:32,656 [INFO] PluginManage:352 - Loaded plugin tutovideos (category:base,tabindex:-1)
2021-09-09 12:21:32,657 [INFO] PluginManage:302 - Check plugin updater
2021-09-09 12:21:32,742 [INFO] PluginManage:352 - Loaded plugin updater (category:base,tabindex:12)
2021-09-09 12:21:32,743 [INFO] PluginManage:275 - PluginManage : Loaded plugins [13]
2021-09-09 12:21:33,865 [INFO] PinOutPanel:1463 - setPackage(No Configuration,No Configuration)
2021-09-09 12:21:34,375 [INFO] IPUIPlugin:74 - create IPUIPlugin
2021-09-09 12:21:34,375 [INFO] PluginManager:213 - loadIPPluginJar : add adc
2021-09-09 12:21:34,449 [INFO] IPUIPlugin:74 - create IPUIPlugin
2021-09-09 12:21:34,449 [INFO] PluginManager:213 - loadIPPluginJar : add aes
2021-09-09 12:21:34,527 [INFO] IPUIPlugin:74 - create IPUIPlugin
2021-09-09 12:21:34,528 [INFO] PluginManager:213 - loadIPPluginJar : add can
2021-09-09 12:21:34,562 [INFO] IPUIPlugin:74 - create IPUIPlugin
2021-09-09 12:21:34,562 [INFO] PluginManager:213 - loadIPPluginJar : add comp
2021-09-09 12:21:34,645 [INFO] IPUIPlugin:74 - create IPUIPlugin
2021-09-09 12:21:34,645 [INFO] PluginManager:213 - loadIPPluginJar : add cryp
2021-09-09 12:21:34,688 [INFO] IPUIPlugin:74 - create IPUIPlugin
2021-09-09 12:21:34,688 [INFO] PluginManager:213 - loadIPPluginJar : add dfsdm
2021-09-09 12:21:34,849 [INFO] IPUIPlugin:74 - create IPUIPlugin
2021-09-09 12:21:34,850 [INFO] PluginManager:213 - loadIPPluginJar : add dma
2021-09-09 12:21:34,922 [INFO] IPUIPlugin:74 - create IPUIPlugin
2021-09-09 12:21:34,923 [INFO] PluginManager:213 - loadIPPluginJar : add dma3
2021-09-09 12:21:34,968 [INFO] IPUIPlugin:74 - create IPUIPlugin
2021-09-09 12:21:34,969 [INFO] PluginManager:213 - loadIPPluginJar : add fatfs
2021-09-09 12:21:35,053 [INFO] IPUIPlugin:74 - create IPUIPlugin
2021-09-09 12:21:35,053 [INFO] PluginManager:213 - loadIPPluginJar : add fmc
2021-09-09 12:21:35,126 [INFO] IPUIPlugin:74 - create IPUIPlugin
2021-09-09 12:21:35,126 [INFO] PluginManager:213 - loadIPPluginJar : add freertos
2021-09-09 12:21:35,140 [INFO] ThirdPartyUpdaterWithRetryManager:66 - Updater plugin not ready yet. [2/15]
2021-09-09 12:21:35,168 [INFO] IPUIPlugin:74 - create IPUIPlugin
2021-09-09 12:21:35,168 [INFO] PluginManager:213 - loadIPPluginJar : add genericplugin
2021-09-09 12:21:35,339 [INFO] IPUIPlugin:74 - create IPUIPlugin
2021-09-09 12:21:35,339 [INFO] PluginManager:213 - loadIPPluginJar : add gfxmmu
2021-09-09 12:21:35,514 [INFO] IPUIPlugin:74 - create IPUIPlugin
2021-09-09 12:21:35,514 [INFO] PluginManager:213 - loadIPPluginJar : add gic
2021-09-09 12:21:35,570 [INFO] IPUIPlugin:74 - create IPUIPlugin
2021-09-09 12:21:35,570 [INFO] PluginManager:213 - loadIPPluginJar : add gpio
2021-09-09 12:21:35,683 [INFO] IPUIPlugin:74 - create IPUIPlugin
2021-09-09 12:21:35,683 [INFO] PluginManager:213 - loadIPPluginJar : add gtzc
2021-09-09 12:21:35,749 [INFO] IPUIPlugin:74 - create IPUIPlugin
2021-09-09 12:21:35,749 [INFO] PluginManager:213 - loadIPPluginJar : add hash
2021-09-09 12:21:35,840 [INFO] IPUIPlugin:74 - create IPUIPlugin
2021-09-09 12:21:35,841 [INFO] PluginManager:213 - loadIPPluginJar : add i2c
2021-09-09 12:21:35,928 [INFO] IPUIPlugin:74 - create IPUIPlugin
2021-09-09 12:21:35,928 [INFO] PluginManager:213 - loadIPPluginJar : add i2s
2021-09-09 12:21:35,975 [INFO] IPUIPlugin:74 - create IPUIPlugin
2021-09-09 12:21:35,976 [INFO] PluginManager:213 - loadIPPluginJar : add ipddr
2021-09-09 12:21:36,109 [INFO] IPUIPlugin:74 - create IPUIPlugin
2021-09-09 12:21:36,109 [INFO] PluginManager:213 - loadIPPluginJar : add linkedlist
2021-09-09 12:21:36,177 [INFO] IPUIPlugin:74 - create IPUIPlugin
2021-09-09 12:21:36,178 [INFO] PluginManager:213 - loadIPPluginJar : add lorawan
2021-09-09 12:21:36,240 [INFO] IPUIPlugin:74 - create IPUIPlugin
2021-09-09 12:21:36,240 [INFO] PluginManager:213 - loadIPPluginJar : add ltdc
2021-09-09 12:21:36,303 [INFO] IPUIPlugin:74 - create IPUIPlugin
2021-09-09 12:21:36,304 [INFO] PluginManager:213 - loadIPPluginJar : add mdma
2021-09-09 12:21:36,346 [INFO] IPUIPlugin:74 - create IPUIPlugin
2021-09-09 12:21:36,346 [INFO] PluginManager:213 - loadIPPluginJar : add nvic
2021-09-09 12:21:36,423 [INFO] IPUIPlugin:74 - create IPUIPlugin
2021-09-09 12:21:36,423 [INFO] PluginManager:213 - loadIPPluginJar : add opamp
2021-09-09 12:21:36,522 [INFO] IPUIPlugin:74 - create IPUIPlugin
2021-09-09 12:21:36,523 [INFO] PluginManager:213 - loadIPPluginJar : add openamp
2021-09-09 12:21:36,635 [INFO] IPUIPlugin:74 - create IPUIPlugin
2021-09-09 12:21:36,635 [INFO] PluginManager:213 - loadIPPluginJar : add pdm2pcm
2021-09-09 12:21:36,691 [INFO] IPUIPlugin:74 - create IPUIPlugin
2021-09-09 12:21:36,696 [INFO] PluginManager:213 - loadIPPluginJar : add plateformsettings
2021-09-09 12:21:36,744 [INFO] IPUIPlugin:74 - create IPUIPlugin
2021-09-09 12:21:36,744 [INFO] PluginManager:213 - loadIPPluginJar : add quadspi
2021-09-09 12:21:36,829 [INFO] IPUIPlugin:74 - create IPUIPlugin
2021-09-09 12:21:36,829 [INFO] PluginManager:213 - loadIPPluginJar : add resmgrutility
2021-09-09 12:21:37,018 [INFO] IPUIPlugin:74 - create IPUIPlugin
2021-09-09 12:21:37,019 [INFO] PluginManager:213 - loadIPPluginJar : add sai
2021-09-09 12:21:37,094 [INFO] IPUIPlugin:74 - create IPUIPlugin
2021-09-09 12:21:37,094 [INFO] PluginManager:213 - loadIPPluginJar : add spi
2021-09-09 12:21:37,187 [INFO] IPUIPlugin:74 - create IPUIPlugin
2021-09-09 12:21:37,187 [INFO] PluginManager:213 - loadIPPluginJar : add stm32_wpan
2021-09-09 12:21:37,991 [INFO] IPUIPlugin:74 - create IPUIPlugin
2021-09-09 12:21:37,991 [INFO] PluginManager:213 - loadIPPluginJar : add tim
2021-09-09 12:21:38,100 [INFO] IPUIPlugin:74 - create IPUIPlugin
2021-09-09 12:21:38,100 [INFO] PluginManager:213 - loadIPPluginJar : add touchsensing
2021-09-09 12:21:38,144 [INFO] ThirdPartyUpdaterWithRetryManager:66 - Updater plugin not ready yet. [3/15]
2021-09-09 12:21:38,151 [INFO] IPUIPlugin:74 - create IPUIPlugin
2021-09-09 12:21:38,152 [INFO] PluginManager:213 - loadIPPluginJar : add tracer_emb
2021-09-09 12:21:38,207 [INFO] IPUIPlugin:74 - create IPUIPlugin
2021-09-09 12:21:38,207 [INFO] PluginManager:213 - loadIPPluginJar : add ts
2021-09-09 12:21:38,251 [INFO] IPUIPlugin:74 - create IPUIPlugin
2021-09-09 12:21:38,251 [INFO] PluginManager:213 - loadIPPluginJar : add tsc
2021-09-09 12:21:38,440 [INFO] IPUIPlugin:74 - create IPUIPlugin
2021-09-09 12:21:38,440 [INFO] PluginManager:213 - loadIPPluginJar : add ucpd
2021-09-09 12:21:38,729 [INFO] IPUIPlugin:74 - create IPUIPlugin
2021-09-09 12:21:38,729 [INFO] PluginManager:213 - loadIPPluginJar : add usart
2021-09-09 12:21:38,811 [INFO] IPUIPlugin:74 - create IPUIPlugin
2021-09-09 12:21:38,812 [INFO] PluginManager:213 - loadIPPluginJar : add usbx
2021-09-09 12:21:39,771 [FATAL] Updater:294 - Updater called before beeing initialized
2021-09-09 12:21:40,094 [FATAL] Updater:294 - Updater called before beeing initialized
2021-09-09 12:21:40,100 [INFO] DbMcusAds:47 - JSON generation date=Tue May 11 18:32:49 TRT 2021 (1620747169502)
2021-09-09 12:21:40,100 [FATAL] Updater:294 - Updater called before beeing initialized
2021-09-09 12:21:40,506 [WARN] DetailPanel:314 - Failed to get advertising image, set to default
2021-09-09 12:21:40,683 [FATAL] Updater:294 - Updater called before beeing initialized
2021-09-09 12:21:40,709 [FATAL] Updater:294 - Updater called before beeing initialized
2021-09-09 12:21:40,710 [FATAL] Updater:294 - Updater called before beeing initialized
2021-09-09 12:21:40,710 [WARN] DetailPanel:314 - Failed to get advertising image, set to default
2021-09-09 12:21:40,712 [FATAL] Updater:294 - Updater called before beeing initialized
2021-09-09 12:21:40,873 [ERROR] Updater:1075 - MainUpdater not yet initialized. External WinMGr cannot be set.
2021-09-09 12:21:40,904 [INFO] Updater:1012 - Updater Version found : 6.3.0
2021-09-09 12:21:41,016 [INFO] ApplicationProperties:181 - Using Application install path: C:\ST\STM32CubeIDE_1.7.0\STM32CubeIDE\plugins\com.st.stm32cube.common.mx_6.3.0.202107141111
2021-09-09 12:21:41,151 [INFO] ThirdPartyUpdaterWithRetryManager:66 - Updater plugin not ready yet. [4/15]
2021-09-09 12:21:42,050 [INFO] MainUpdater:489 - Copy updater definitions from MX database
2021-09-09 12:21:42,292 [INFO] MainUpdater:2671 - connection check result : 10
2021-09-09 12:21:42,293 [INFO] MainUpdater:3359 - Updater definition file requires update
2021-09-09 12:21:42,294 [INFO] MainUpdater:265 - Updater Check For Update Now.
2021-09-09 12:21:42,295 [INFO] MicroXplorer:478 - Change Database Version : DB.6.0.30
2021-09-09 12:21:42,349 [INFO] ServerAccessManage:362 - Download File updaters.zip
2021-09-09 12:21:42,504 [INFO] FileExtend:235 - Unzip File : updaters.zip
2021-09-09 12:21:42,504 [INFO] FileExtend:250 - Standard Zip Deflate
2021-09-09 12:21:43,951 [INFO] ServerAccessManage:362 - Download File PacksControlFlags.xml
2021-09-09 12:21:44,155 [WARN] MainUpdater:1122 - Updater busy. Cannot search thirdparties
2021-09-09 12:21:44,155 [INFO] ThirdPartyUpdaterWithRetryManager:92 - Updater plugin is busy. [1/15]
2021-09-09 12:21:44,222 [INFO] ServerAccessManage:362 - Download File cubemx.pidx
2021-09-09 12:21:45,111 [INFO] ServerAccessManage:362 - Download File STMicroelectronics.X-CUBE-ALS.pdsc
2021-09-09 12:21:46,187 [INFO] ServerAccessManage:362 - Download File STMicroelectronics.X-CUBE-TOF1.pdsc
2021-09-09 12:21:46,462 [ERROR] ServerAccessManage:974 - Problem, file not found on Server
2021-09-09 12:21:46,843 [INFO] ServerAccessManage:362 - Download File STMicroelectronics.X-CUBE-AZRTOS-H7.pdsc
2021-09-09 12:21:47,156 [WARN] MainUpdater:1122 - Updater busy. Cannot search thirdparties
2021-09-09 12:21:47,156 [INFO] ThirdPartyUpdaterWithRetryManager:92 - Updater plugin is busy. [2/15]
2021-09-09 12:21:47,186 [INFO] ServerAccessManage:362 - Download File STMicroelectronics.X-CUBE-AZRTOS-F4.pdsc
2021-09-09 12:21:47,815 [WARN] PackLoader:238 - Cannot read IP mode file for STMicroelectronics.X-CUBE-ALS.1.0.1
2021-09-09 12:21:47,856 [WARN] PackLoader:238 - Cannot read IP mode file for STMicroelectronics.X-CUBE-TOF1.2.0.0
2021-09-09 12:21:47,864 [INFO] CheckServerUpdateThread:112 - End of CheckServer Thread
2021-09-09 12:21:47,877 [INFO] MainUpdater:2671 - connection check result : 10
2021-09-09 12:21:47,953 [WARN] PackLoader:238 - Cannot read IP mode file for STMicroelectronics.X-CUBE-AZRTOS-H7.1.1.0
2021-09-09 12:21:47,965 [INFO] McuFinderGlobals:52 - Set McuFinderConnectedMode to true
2021-09-09 12:21:48,128 [WARN] PackLoader:238 - Cannot read IP mode file for STMicroelectronics.X-CUBE-AZRTOS-F4.1.0.0
2021-09-09 12:21:48,138 [INFO] PopulateThirdPartyThread:60 - Ending populate Thread
2021-09-09 12:21:48,141 [INFO] ThirdParty:967 - CMSIS Pack Vendor :STMicroelectronics X-CUBE-AZRTOS-F4 1.0.0
2021-09-09 12:21:48,141 [INFO] ThirdParty:967 - CMSIS Pack Vendor :STMicroelectronics X-CUBE-AZRTOS-H7 1.1.0
2021-09-09 12:21:48,141 [INFO] ThirdParty:967 - CMSIS Pack Vendor :STMicroelectronics X-CUBE-ALS 1.0.1
2021-09-09 12:21:48,142 [INFO] ThirdParty:967 - CMSIS Pack Vendor :STMicroelectronics X-CUBE-TOF1 2.0.0
2021-09-09 12:21:48,142 [INFO] LoadServerUpdatesThread:339 - End of LoadServerUpdate Thread
2021-09-09 12:21:48,191 [INFO] ServerAccessManage:362 - Download File mcusAds.json._tmp_
2021-09-09 12:21:49,031 [INFO] LoadUrlFilesThread:145 - End of LoadUrlFiles Thread
2021-09-09 12:21:49,317 [INFO] ServerAccessManage:362 - Download File mcusDocs.json._tmp_
2021-09-09 12:21:49,668 [INFO] LoadUrlFilesThread:145 - End of LoadUrlFiles Thread
2021-09-09 12:21:49,754 [INFO] ServerAccessManage:362 - Download File mcusFeaturesAndDescription.json._tmp_
2021-09-09 12:21:50,160 [WARN] MainUpdater:1122 - Updater busy. Cannot search thirdparties
2021-09-09 12:21:50,160 [INFO] ThirdPartyUpdaterWithRetryManager:92 - Updater plugin is busy. [3/15]
2021-09-09 12:21:51,492 [INFO] LoadUrlFilesThread:145 - End of LoadUrlFiles Thread
2021-09-09 12:21:51,595 [INFO] ServerAccessManage:362 - Download File boardsDocs.json._tmp_
2021-09-09 12:21:51,801 [INFO] LoadUrlFilesThread:145 - End of LoadUrlFiles Thread
2021-09-09 12:21:51,880 [INFO] ServerAccessManage:362 - Download File boards.json._tmp_
2021-09-09 12:21:52,149 [INFO] LoadUrlFilesThread:145 - End of LoadUrlFiles Thread
2021-09-09 12:21:52,388 [INFO] ServerAccessManage:362 - Download File cube-finder-db.zip
2021-09-09 12:21:53,173 [WARN] MainUpdater:1122 - Updater busy. Cannot search thirdparties
2021-09-09 12:21:53,174 [INFO] ThirdPartyUpdaterWithRetryManager:92 - Updater plugin is busy. [4/15]
2021-09-09 12:21:55,945 [INFO] FileExtend:235 - Unzip File : cube-finder-db.zip
2021-09-09 12:21:55,946 [INFO] FileExtend:250 - Standard Zip Deflate
2021-09-09 12:21:56,182 [WARN] MainUpdater:1122 - Updater busy. Cannot search thirdparties
2021-09-09 12:21:56,182 [INFO] ThirdPartyUpdaterWithRetryManager:92 - Updater plugin is busy. [5/15]
2021-09-09 12:21:56,861 [INFO] LoadUrlFilesThread:145 - End of LoadUrlFiles Thread
2021-09-09 12:21:57,122 [INFO] ServerAccessManage:362 - Download File crdb.zip
2021-09-09 12:21:57,446 [INFO] FileExtend:235 - Unzip File : crdb.zip
2021-09-09 12:21:57,446 [INFO] FileExtend:250 - Standard Zip Deflate
2021-09-09 12:21:57,594 [INFO] LoadUrlFilesThread:145 - End of LoadUrlFiles Thread
2021-09-09 12:21:57,805 [INFO] ServerAccessManage:362 - Download File tutoVideoDB.zip
2021-09-09 12:21:57,832 [INFO] FileExtend:235 - Unzip File : tutoVideoDB.zip
2021-09-09 12:21:57,832 [INFO] FileExtend:250 - Standard Zip Deflate
2021-09-09 12:21:57,970 [INFO] LoadUrlFilesThread:145 - End of LoadUrlFiles Thread
2021-09-09 12:21:57,973 [INFO] DbMcusAds:47 - JSON generation date=Wed Aug 18 17:24:26 TRT 2021 (1629296666117)
2021-09-09 12:21:57,999 [INFO] DbMcusDocs:143 - JSON generation date=Mon Jun 07 11:53:21 TRT 2021 (1623056001)
2021-09-09 12:21:58,000 [INFO] DbMcusXml:100 - Load MCU database from C:\ST\STM32CubeIDE_1.7.0\STM32CubeIDE\plugins\com.st.stm32cube.common.mx_6.3.0.202107141111\\db\/mcu/families.xml
2021-09-09 12:22:00,269 [INFO] DbMcusJson:93 - JSON generation date=Mon Jun 07 11:53:21 TRT 2021 (1623056001)
2021-09-09 12:22:00,764 [WARN] PackLoader:238 - Cannot read IP mode file for RoweBots.I-CUBE-UNISONRTOS.5.5.0-4
2021-09-09 12:22:00,808 [WARN] PackLoader:238 - Cannot read IP mode file for STMicroelectronics.X-CUBE-SFXS2LP1.3.0.0
2021-09-09 12:22:01,023 [WARN] PackLoader:238 - Cannot read IP mode file for STMicroelectronics.X-CUBE-MEMS1.9.0.0
2021-09-09 12:22:01,491 [WARN] PackLoader:238 - Cannot read IP mode file for STMicroelectronics.X-CUBE-AZRTOS-H7.1.1.0
2021-09-09 12:22:01,646 [WARN] PackLoader:238 - Cannot read IP mode file for STMicroelectronics.X-CUBE-MEMS1.8.2.0
2021-09-09 12:22:01,988 [INFO] DbMcus:175 - Found 1951 MCUs (1903 are supported by CubeMX, 1903 are visible in CubeMX)
2021-09-09 12:22:02,012 [INFO] ApiDb:251 - Load user favorites file C:\Users\Kortak/.stm32cubeide/favorites.mcus.txt: 1 item(s)
2021-09-09 12:22:02,012 [INFO] ApiDb:255 - User favorites MCUs=[STM32F407VGTx]
2021-09-09 12:22:02,013 [INFO] DbMcus:187 - Set 1 / 1 favorites MCUs
2021-09-09 12:22:02,091 [WARN] PackLoader:238 - Cannot read IP mode file for SEGGER.I-CUBE-embOS.1.2.0
2021-09-09 12:22:02,212 [WARN] PackLoader:238 - Cannot read IP mode file for STMicroelectronics.X-CUBE-BLE1.6.2.1
2021-09-09 12:22:02,264 [WARN] PackLoader:238 - Cannot read IP mode file for STMicroelectronics.X-CUBE-BLE2.3.2.1
2021-09-09 12:22:02,299 [WARN] PackLoader:238 - Cannot read IP mode file for STMicroelectronics.X-CUBE-NFC4.2.0.3
2021-09-09 12:22:02,358 [WARN] PackLoader:238 - Cannot read IP mode file for STMicroelectronics.X-CUBE-NFC4.2.0.2
2021-09-09 12:22:02,374 [WARN] PackLoader:238 - Cannot read IP mode file for STMicroelectronics.X-CUBE-TOUCHGFX.4.17.0
2021-09-09 12:22:02,401 [WARN] PackLoader:238 - Cannot read IP mode file for STMicroelectronics.X-CUBE-BLE2.3.2.0
2021-09-09 12:22:02,441 [WARN] PackLoader:238 - Cannot read IP mode file for STMicroelectronics.X-CUBE-SFXS2LP1.3.1.0
2021-09-09 12:22:02,488 [WARN] PackLoader:238 - Cannot read IP mode file for STMicroelectronics.X-CUBE-AZRTOS-F4.1.0.0
2021-09-09 12:22:02,542 [WARN] PackLoader:238 - Cannot read IP mode file for STMicroelectronics.X-CUBE-SUBG2.3.0.1
2021-09-09 12:22:02,595 [WARN] PackLoader:238 - Cannot read IP mode file for STMicroelectronics.X-CUBE-TOF1.2.0.0
2021-09-09 12:22:02,643 [WARN] PackLoader:238 - Cannot read IP mode file for STMicroelectronics.X-CUBE-SUBG2.4.0.0
2021-09-09 12:22:02,712 [WARN] PackLoader:238 - Cannot read IP mode file for STMicroelectronics.X-CUBE-SUBG2.4.2.0
2021-09-09 12:22:02,799 [WARN] PackLoader:238 - Cannot read IP mode file for STMicroelectronics.X-CUBE-TOF1.1.0.0
2021-09-09 12:22:02,989 [WARN] PackLoader:238 - Cannot read IP mode file for STMicroelectronics.X-CUBE-AZRTOS-H7.1.0.0
2021-09-09 12:22:03,033 [WARN] PackLoader:238 - Cannot read IP mode file for STMicroelectronics.X-CUBE-ALS.1.0.0
2021-09-09 12:22:03,040 [WARN] PackLoader:238 - Cannot read IP mode file for STMicroelectronics.X-CUBE-ALS.1.0.1
2021-09-09 12:22:03,063 [WARN] PackLoader:238 - Cannot read IP mode file for STMicroelectronics.X-CUBE-AI.7.0.0
2021-09-09 12:22:03,098 [WARN] PackLoader:238 - Cannot read IP mode file for STMicroelectronics.X-CUBE-ALGOBUILD.1.2.1
2021-09-09 12:22:03,122 [WARN] PackLoader:238 - Cannot read IP mode file for STMicroelectronics.X-CUBE-AI.6.0.0
2021-09-09 12:22:03,139 [INFO] DbMcusDocs:79 - Found 669 MCUs documents
2021-09-09 12:22:03,142 [INFO] ApiDb:276 - Save user favorites file C:\Users\Kortak/.stm32cubeide/favorites.mcus.txt: 1 item(s)
2021-09-09 12:22:03,143 [INFO] ApiDb:280 - User favorites MCUs=[STM32F407VGTx]
2021-09-09 12:22:03,143 [INFO] DbMcusXml:100 - Load MCU database from C:\ST\STM32CubeIDE_1.7.0\STM32CubeIDE\plugins\com.st.stm32cube.common.mx_6.3.0.202107141111\\db\/mcu/families.xml
2021-09-09 12:22:03,146 [WARN] PackLoader:238 - Cannot read IP mode file for STMicroelectronics.X-CUBE-EEPRMA1.3.1.0
2021-09-09 12:22:03,195 [WARN] PackLoader:238 - Cannot read IP mode file for STMicroelectronics.X-CUBE-ALGOBUILD.1.2.0
2021-09-09 12:22:03,237 [WARN] PackLoader:238 - Cannot read IP mode file for STMicroelectronics.X-CUBE-GNSS1.5.2.0
2021-09-09 12:22:03,266 [WARN] PackLoader:238 - Cannot read IP mode file for wolfSSL.I-CUBE-wolfSSL.4.7.0
2021-09-09 12:22:03,292 [WARN] PackLoader:238 - Cannot read IP mode file for STMicroelectronics.X-CUBE-TOUCHGFX.4.16.1
2021-09-09 12:22:03,318 [WARN] PackLoader:238 - Cannot read IP mode file for STMicroelectronics.X-CUBE-TOUCHGFX.4.16.0
2021-09-09 12:22:03,319 [INFO] ThirdParty:915 - Integrity check success = true
2021-09-09 12:22:03,319 [INFO] IntegrityCheckThread:94 - exiting critical section [integrity check]
2021-09-09 12:22:03,320 [INFO] IntegrityCheckThread:97 - End integrity checks thread
2021-09-09 12:22:04,599 [INFO] DbMcusJson:93 - JSON generation date=Mon Jun 07 11:53:21 TRT 2021 (1623056001)
2021-09-09 12:22:05,551 [INFO] DbMcus:175 - Found 1951 MCUs (1903 are supported by CubeMX, 1903 are visible in CubeMX)
2021-09-09 12:22:05,552 [INFO] ApiDb:251 - Load user favorites file C:\Users\Kortak/.stm32cubeide/favorites.mcus.txt: 1 item(s)
2021-09-09 12:22:05,552 [INFO] ApiDb:255 - User favorites MCUs=[STM32F407VGTx]
2021-09-09 12:22:05,552 [INFO] DbMcus:187 - Set 1 / 1 favorites MCUs
2021-09-09 12:22:05,638 [INFO] DbBoardsDocs:143 - JSON generation date=Tue Jun 01 08:52:40 TRT 2021 (1622526760)
2021-09-09 12:22:05,706 [INFO] DbBoardsPdsc:90 - Found 25 items
2021-09-09 12:22:05,738 [INFO] DbBoardsPdsc:90 - Found 9 items
2021-09-09 12:22:05,794 [INFO] DbBoardsPdsc:90 - Found 33 items
2021-09-09 12:22:05,829 [INFO] DbBoardsPdsc:90 - Found 1 items
2021-09-09 12:22:05,879 [INFO] DbBoardsPdsc:90 - Found 48 items
2021-09-09 12:22:05,914 [INFO] DbBoardsPdsc:90 - Found 43 items
2021-09-09 12:22:05,937 [INFO] DbBoardsPdsc:90 - Found 2 items
2021-09-09 12:22:05,964 [INFO] DbBoardsPdsc:90 - Found 5 items
2021-09-09 12:22:05,984 [WARN] DbBoardsPdsc:254 - Board STM32H7B3I-DK: unknown feature type=Audio, name=, username=Audio stereo codec with Headphone Amp (CS42L51-CNZ), n=1
2021-09-09 12:22:05,985 [WARN] DbBoardsPdsc:254 - Board STM32H735G-DK: unknown feature type=Audio, name=, username=Audio stereo codec with Headphone Amp (WM8994ECS/R), n=1
2021-09-09 12:22:05,988 [WARN] DbBoardsPdsc:254 - Board STM32H7B3I-EVAL: unknown feature type=Audio, name=, username=Multi-Channel Audio Codec (CS42L51-CNZ), n=1
2021-09-09 12:22:05,988 [WARN] DbBoardsPdsc:254 - Board STM32H7B3I-EVAL: unknown feature type=Meter, name=, username=Power-metering and Temperature-monitoring with sigma-delta modulators, n=1
2021-09-09 12:22:05,988 [WARN] DbBoardsPdsc:254 - Board STM32H7B3I-EVAL: unknown feature type=Motor, name=, username=Motor Control, n=1
2021-09-09 12:22:05,989 [WARN] DbBoardsPdsc:254 - Board STM32U575I-EV: unknown feature type=joystick, name=, username=4-direction joystick with selection button, n=1
2021-09-09 12:22:06,012 [INFO] DbBoardsJson:86 - JSON generation date=Tue Jun 01 08:52:40 TRT 2021 (1622526760)
2021-09-09 12:22:06,026 [INFO] DbBoards:117 - Found 166 boards (163 are supported by CubeMX)
2021-09-09 12:22:06,047 [INFO] DbBoardsDocs:143 - JSON generation date=Tue Jun 01 08:52:40 TRT 2021 (1622526760)
2021-09-09 12:22:06,093 [INFO] DbBoardsDocs:79 - Found 193 boards documents
2021-09-09 12:22:06,096 [WARN] DbBoards:127 - board B-L462E-CELL1 has no document id list !
2021-09-09 12:22:06,096 [WARN] DbBoards:127 - board B-L475E-IOT01A2 has no document id list !
2021-09-09 12:22:06,097 [WARN] DbBoards:127 - board B-U585I-IOT02A has no document id list !
2021-09-09 12:22:06,098 [WARN] DbBoards:127 - board NUCLEO-G0B1RE has no document id list !
2021-09-09 12:22:06,099 [WARN] DbBoards:127 - board NUCLEO-H743ZI has no document id list !
2021-09-09 12:22:06,100 [WARN] DbBoards:127 - board NUCLEO-L4A6ZG has no document id list !
2021-09-09 12:22:06,101 [WARN] DbBoards:127 - board NUCLEO-U575ZI-Q has no document id list !
2021-09-09 12:22:06,101 [WARN] DbBoards:127 - board NUCLEO-WB15CC has no document id list !
2021-09-09 12:22:06,101 [WARN] DbBoards:127 - board NUCLEO-WB55RG has no document id list !
2021-09-09 12:22:06,102 [WARN] DbBoards:127 - board NUCLEO-WL55JC2 has no document id list !
2021-09-09 12:22:06,102 [WARN] DbBoards:127 - board P-NUCLEO-WB55-Nucleo has no document id list !
2021-09-09 12:22:06,102 [WARN] DbBoards:127 - board P-NUCLEO-WB55-USBDongle has no document id list !
2021-09-09 12:22:06,102 [WARN] DbBoards:127 - board STEVAL-BFA001V1B has no document id list !
2021-09-09 12:22:06,103 [WARN] DbBoards:127 - board STEVAL-BFA001V2B has no document id list !
2021-09-09 12:22:06,103 [WARN] DbBoards:127 - board STEVAL-IDP005V1 has no document id list !
2021-09-09 12:22:06,103 [WARN] DbBoards:127 - board STEVAL-IDP005V2 has no document id list !
2021-09-09 12:22:06,103 [WARN] DbBoards:127 - board STEVAL-MKSBOX1V1 has no document id list !
2021-09-09 12:22:06,103 [WARN] DbBoards:127 - board STEVAL-STWINKT1 has no document id list !
2021-09-09 12:22:06,103 [WARN] DbBoards:127 - board STEVAL-STWINKT1B has no document id list !
2021-09-09 12:22:06,104 [WARN] DbBoards:127 - board STM32F401C-DISCO has no document id list !
2021-09-09 12:22:06,105 [WARN] DbBoards:127 - board STM32F769I-DISC1 has no document id list !
2021-09-09 12:22:06,106 [WARN] DbBoards:127 - board STM32G0C1E-EV has no document id list !
2021-09-09 12:22:06,106 [WARN] DbBoards:127 - board STM32G474E-EVAL1 has no document id list !
2021-09-09 12:22:06,107 [WARN] DbBoards:127 - board STM32H743I-EVAL2 has no document id list !
2021-09-09 12:22:06,107 [WARN] DbBoards:127 - board STM32H747I-DISC1 has no document id list !
2021-09-09 12:22:06,108 [WARN] DbBoards:127 - board STM32H753I-EVAL2 has no document id list !
2021-09-09 12:22:06,108 [WARN] DbBoards:127 - board STM32L-DISCOVERY has no document id list !
2021-09-09 12:22:06,109 [WARN] DbBoards:127 - board STM32MP157A-DK1 has no document id list !
2021-09-09 12:22:06,110 [WARN] DbBoards:127 - board STM32MP157D-DK1 has no document id list !
2021-09-09 12:22:06,110 [WARN] DbBoards:127 - board STM32MP157D-EV1 has no document id list !
2021-09-09 12:22:06,110 [WARN] DbBoards:127 - board STM32MP157F-DK2 has no document id list !
2021-09-09 12:22:06,110 [WARN] DbBoards:127 - board STM32MP157F-EV1 has no document id list !
2021-09-09 12:22:06,110 [WARN] DbBoards:127 - board STM32U575I-EV has no document id list !
2021-09-09 12:22:06,111 [WARN] DbBoards:127 - board STM32WB5MM-DK has no document id list !
2021-09-09 12:22:12,085 [INFO] ApiDb:251 - Load user favorites file C:\Users\Kortak/.stm32cubeide/favorites.boards.txt: 1 item(s)
2021-09-09 12:22:12,085 [INFO] ApiDb:255 - User favorites Boards=[STM32F407G-DISC1]
2021-09-09 12:22:12,086 [INFO] DbBoards:206 - Set 1 / 1 favorites Boards
2021-09-09 12:22:12,108 [INFO] DbBoardsDocs:79 - Found 386 boards documents
2021-09-09 12:22:12,109 [INFO] ApiDb:276 - Save user favorites file C:\Users\Kortak/.stm32cubeide/favorites.boards.txt: 1 item(s)
2021-09-09 12:22:12,109 [INFO] ApiDb:280 - User favorites Boards=[STM32F407G-DISC1]
2021-09-09 12:22:12,114 [INFO] DbBoardsPdsc:90 - Found 25 items
2021-09-09 12:22:12,117 [INFO] DbBoardsPdsc:90 - Found 9 items
2021-09-09 12:22:12,124 [INFO] DbBoardsPdsc:90 - Found 33 items
2021-09-09 12:22:12,125 [INFO] DbBoardsPdsc:90 - Found 1 items
2021-09-09 12:22:12,132 [INFO] DbBoardsPdsc:90 - Found 48 items
2021-09-09 12:22:12,141 [INFO] DbBoardsPdsc:90 - Found 43 items
2021-09-09 12:22:12,142 [INFO] DbBoardsPdsc:90 - Found 2 items
2021-09-09 12:22:12,144 [INFO] DbBoardsPdsc:90 - Found 5 items
2021-09-09 12:22:12,147 [WARN] DbBoardsPdsc:254 - Board STM32H7B3I-DK: unknown feature type=Audio, name=, username=Audio stereo codec with Headphone Amp (CS42L51-CNZ), n=1
2021-09-09 12:22:12,148 [WARN] DbBoardsPdsc:254 - Board STM32H735G-DK: unknown feature type=Audio, name=, username=Audio stereo codec with Headphone Amp (WM8994ECS/R), n=1
2021-09-09 12:22:12,150 [WARN] DbBoardsPdsc:254 - Board STM32H7B3I-EVAL: unknown feature type=Audio, name=, username=Multi-Channel Audio Codec (CS42L51-CNZ), n=1
2021-09-09 12:22:12,150 [WARN] DbBoardsPdsc:254 - Board STM32H7B3I-EVAL: unknown feature type=Meter, name=, username=Power-metering and Temperature-monitoring with sigma-delta modulators, n=1
2021-09-09 12:22:12,151 [WARN] DbBoardsPdsc:254 - Board STM32H7B3I-EVAL: unknown feature type=Motor, name=, username=Motor Control, n=1
2021-09-09 12:22:12,151 [WARN] DbBoardsPdsc:254 - Board STM32U575I-EV: unknown feature type=joystick, name=, username=4-direction joystick with selection button, n=1
2021-09-09 12:22:12,171 [INFO] DbBoardsJson:86 - JSON generation date=Tue Jun 01 08:52:40 TRT 2021 (1622526760)
2021-09-09 12:22:12,178 [INFO] DbBoards:117 - Found 166 boards (163 are supported by CubeMX)
2021-09-09 12:22:12,178 [WARN] DbBoards:127 - board B-L462E-CELL1 has no document id list !
2021-09-09 12:22:12,178 [WARN] DbBoards:127 - board B-L475E-IOT01A2 has no document id list !
2021-09-09 12:22:12,178 [WARN] DbBoards:127 - board B-U585I-IOT02A has no document id list !
2021-09-09 12:22:12,178 [WARN] DbBoards:127 - board NUCLEO-G0B1RE has no document id list !
2021-09-09 12:22:12,179 [WARN] DbBoards:127 - board NUCLEO-H743ZI has no document id list !
2021-09-09 12:22:12,179 [WARN] DbBoards:127 - board NUCLEO-L4A6ZG has no document id list !
2021-09-09 12:22:12,179 [WARN] DbBoards:127 - board NUCLEO-U575ZI-Q has no document id list !
2021-09-09 12:22:12,179 [WARN] DbBoards:127 - board NUCLEO-WB15CC has no document id list !
2021-09-09 12:22:12,179 [WARN] DbBoards:127 - board NUCLEO-WB55RG has no document id list !
2021-09-09 12:22:12,179 [WARN] DbBoards:127 - board NUCLEO-WL55JC2 has no document id list !
2021-09-09 12:22:12,179 [WARN] DbBoards:127 - board P-NUCLEO-WB55-Nucleo has no document id list !
2021-09-09 12:22:12,179 [WARN] DbBoards:127 - board P-NUCLEO-WB55-USBDongle has no document id list !
2021-09-09 12:22:12,179 [WARN] DbBoards:127 - board STEVAL-BFA001V1B has no document id list !
2021-09-09 12:22:12,179 [WARN] DbBoards:127 - board STEVAL-BFA001V2B has no document id list !
2021-09-09 12:22:12,180 [WARN] DbBoards:127 - board STEVAL-IDP005V1 has no document id list !
2021-09-09 12:22:12,180 [WARN] DbBoards:127 - board STEVAL-IDP005V2 has no document id list !
2021-09-09 12:22:12,180 [WARN] DbBoards:127 - board STEVAL-MKSBOX1V1 has no document id list !
2021-09-09 12:22:12,180 [WARN] DbBoards:127 - board STEVAL-STWINKT1 has no document id list !
2021-09-09 12:22:12,180 [WARN] DbBoards:127 - board STEVAL-STWINKT1B has no document id list !
2021-09-09 12:22:12,180 [WARN] DbBoards:127 - board STM32F401C-DISCO has no document id list !
2021-09-09 12:22:12,180 [WARN] DbBoards:127 - board STM32F769I-DISC1 has no document id list !
2021-09-09 12:22:12,180 [WARN] DbBoards:127 - board STM32G0C1E-EV has no document id list !
2021-09-09 12:22:12,180 [WARN] DbBoards:127 - board STM32G474E-EVAL1 has no document id list !
2021-09-09 12:22:12,181 [WARN] DbBoards:127 - board STM32H743I-EVAL2 has no document id list !
2021-09-09 12:22:12,181 [WARN] DbBoards:127 - board STM32H747I-DISC1 has no document id list !
2021-09-09 12:22:12,181 [WARN] DbBoards:127 - board STM32H753I-EVAL2 has no document id list !
2021-09-09 12:22:12,181 [WARN] DbBoards:127 - board STM32L-DISCOVERY has no document id list !
2021-09-09 12:22:12,181 [WARN] DbBoards:127 - board STM32MP157A-DK1 has no document id list !
2021-09-09 12:22:12,181 [WARN] DbBoards:127 - board STM32MP157D-DK1 has no document id list !
2021-09-09 12:22:12,181 [WARN] DbBoards:127 - board STM32MP157D-EV1 has no document id list !
2021-09-09 12:22:12,181 [WARN] DbBoards:127 - board STM32MP157F-DK2 has no document id list !
2021-09-09 12:22:12,181 [WARN] DbBoards:127 - board STM32MP157F-EV1 has no document id list !
2021-09-09 12:22:12,181 [WARN] DbBoards:127 - board STM32U575I-EV has no document id list !
2021-09-09 12:22:12,182 [WARN] DbBoards:127 - board STM32WB5MM-DK has no document id list !
2021-09-09 12:22:13,830 [INFO] ApiDb:251 - Load user favorites file C:\Users\Kortak/.stm32cubeide/favorites.boards.txt: 1 item(s)
2021-09-09 12:22:13,831 [INFO] ApiDb:255 - User favorites Boards=[STM32F407G-DISC1]
2021-09-09 12:22:13,831 [INFO] DbBoards:206 - Set 1 / 1 favorites Boards
2021-09-09 12:22:13,900 [INFO] ServerAccessManage:362 - Download File 
2021-09-09 12:22:13,904 [INFO] LoadUrlFilesThread:172 - End of LoadServerUrlFiles without Thread
2021-09-09 12:22:13,904 [INFO] TargetSelectorAdapter:224 - Refresh data is successful
2021-09-09 12:22:14,068 [INFO] ApiDb:479 - Connected to CubeFinder SQLite database (C:\Users\Kortak\.stmcufinder\plugins\mcufinder\mcu\cube-finder-db.db)
2021-09-09 12:22:15,143 [INFO] DbExamplesSqlite:411 - Ignored 49 examples not supported by CubeIDE
2021-09-09 12:22:15,143 [INFO] DbExamplesSqlite:412 - Found 5419 examples active
2021-09-09 12:22:15,143 [INFO] DbExamplesSqlite:413 - Found 0 examples obsolete
2021-09-09 12:22:15,144 [INFO] DbExamplesSqlite:414 - Found 0 examples under development
2021-09-09 12:22:15,144 [INFO] DbExamplesSqlite:415 - Found 110 examples not building
2021-09-09 12:22:15,172 [INFO] DbExamplesSqlite:108 - CubeFinder database Data Model version=2.1
2021-09-09 12:22:15,172 [INFO] DbExamplesSqlite:109 - CubeFinder database Configuration version=3.0.11
2021-09-09 12:22:15,172 [INFO] DbExamplesSqlite:110 - CubeFinder database generation date=2021-08-20 (1629453029)
2021-09-09 12:22:15,172 [INFO] DbExamplesSqlite:111 - CubeFinder database FW Pack versions=[STM32Cube_FW_F4_V1.26.2, STM32Cube_FW_F7_V1.16.1, STM32Cube_FW_G0_V1.5.0, STM32Cube_FW_G4_V1.4.0, STM32Cube_FW_H7_V1.9.0, STM32Cube_FW_L5_V1.4.0, STM32Cube_FW_U5_V1.0.0, STM32Cube_FW_WB_V1.12.1, STM32Cube_FW_WL_V1.1.0, X-CUBE-ALS_V1.0.1, X-CUBE-AZRTOS-H7_V1.1.0, X-CUBE-BLE1_V6.2.0, X-CUBE-BLE2_V3.2.1, X-CUBE-EEPRMA1_V3.1.0, X-CUBE-GNSS1_V5.2.0, X-CUBE-NFC4_V2.0.3, X-CUBE-SFXS2LP1_V3.1.0]
2021-09-09 12:22:15,173 [INFO] DbExamples:130 - Found 5480 examples
2021-09-09 12:22:15,974 [ERROR] DbExamples:206 - Found 338 examples with invalid data (board or MCU)
2021-09-09 12:22:15,974 [INFO] DbExamples:222 - Found 70 boards with related examples
2021-09-09 12:22:15,988 [INFO] DbExamples:235 - Found 59 MCUs with related examples
2021-09-09 12:22:16,013 [INFO] ApiDb:242 - User favorites file not found: C:\Users\Kortak/.stm32cubeide/favorites.examples.txt
2021-09-09 12:22:16,013 [INFO] DbExamples:256 - Set 0 / 0 favorites Examples
2021-09-09 12:22:16,842 [INFO] McuFinderGlobals:52 - Set McuFinderConnectedMode to false
2021-09-09 12:22:17,113 [INFO] CrossSelectorPresenter:1330 - Cross Selector saved comparison directory: C:\Users\Kortak\.stmcufinder\plugins\mcufinder\mcu\cs_comparisons_mx
2021-09-09 12:22:17,143 [INFO] MultiScanPanel:197 - Auto-refresh data requested => check proxy status ongoing
2021-09-09 12:22:17,143 [INFO] MultiScanPanel:201 - Proxy status is invalid
2021-09-09 12:22:17,147 [INFO] FinderPluginLoader:87 - Searching for filters in installed packs
2021-09-09 12:22:18,340 [INFO] DetailPanel:309 - Set advertising image to C:/Users/Kortak/STM32Cube/Repository/\en.prom_STM32U5_PSA-SESIP_LV3_0821.png
2021-09-09 12:50:59,760 [INFO] MultiScanPanel:197 - Auto-refresh data requested => check proxy status ongoing
2021-09-09 12:50:59,761 [INFO] MultiScanPanel:201 - Proxy status is invalid
2021-09-09 12:50:59,893 [INFO] DetailPanel:309 - Set advertising image to C:/Users/Kortak/STM32Cube/Repository/\en.prom_STM32U5_PSA-SESIP_LV3_0821.png
2021-09-09 13:18:49,582 [INFO] McuFinderGlobals:52 - Set McuFinderConnectedMode to true
2021-09-09 13:18:49,588 [INFO] ApiDb:276 - Save user favorites file C:\Users\Kortak/.stm32cubeide/favorites.mcus.txt: 1 item(s)
2021-09-09 13:18:49,589 [INFO] ApiDb:280 - User favorites MCUs=[STM32F407VGTx]
2021-09-09 13:18:49,591 [INFO] ApiDb:276 - Save user favorites file C:\Users\Kortak/.stm32cubeide/favorites.boards.txt: 1 item(s)
2021-09-09 13:18:49,592 [INFO] ApiDb:280 - User favorites Boards=[STM32F407G-DISC1]
2021-09-09 13:28:50,267 [INFO] Activator:177 - 


2021-09-09 13:28:50,269 [INFO] Activator:178 - !SESSION log4j initialized
2021-09-09 13:28:57,337 [ERROR] LogOutputStream:74 - [STDERR_REDIRECT] SLF4J: Failed to load class "org.slf4j.impl.StaticLoggerBinder".
2021-09-09 13:28:57,352 [ERROR] LogOutputStream:74 - [STDERR_REDIRECT] SLF4J: Defaulting to no-operation (NOP) logger implementation
2021-09-09 13:28:57,356 [ERROR] LogOutputStream:74 - [STDERR_REDIRECT] SLF4J: See http://www.slf4j.org/codes.html#StaticLoggerBinder for further details.
2021-09-09 13:29:06,394 [ERROR] LogOutputStream:74 - [STDERR_REDIRECT] Eyl 09, 2021 1:29:06 ?S org.glassfish.grizzly.http.server.NetworkListener start
2021-09-09 13:29:06,396 [ERROR] LogOutputStream:74 - [STDERR_REDIRECT] INFO: Started listener bound to [localhost:1594]
2021-09-09 13:29:06,396 [ERROR] LogOutputStream:74 - [STDERR_REDIRECT] 
2021-09-09 13:29:06,399 [ERROR] LogOutputStream:74 - [STDERR_REDIRECT] Eyl 09, 2021 1:29:06 ?S org.glassfish.grizzly.http.server.HttpServer start
2021-09-09 13:29:06,400 [ERROR] LogOutputStream:74 - [STDERR_REDIRECT] INFO: [HttpServer] Started.
2021-09-09 13:29:06,400 [ERROR] LogOutputStream:74 - [STDERR_REDIRECT] 
2021-09-09 13:47:59,203 [ERROR] LogOutputStream:74 - [STDERR_REDIRECT] 
2021-09-09 13:48:09,984 [INFO] Activator:177 - 


2021-09-09 13:48:09,986 [INFO] Activator:178 - !SESSION log4j initialized
2021-09-09 13:48:17,163 [ERROR] LogOutputStream:74 - [STDERR_REDIRECT] SLF4J: Failed to load class "org.slf4j.impl.StaticLoggerBinder".
2021-09-09 13:48:17,167 [ERROR] LogOutputStream:74 - [STDERR_REDIRECT] SLF4J: Defaulting to no-operation (NOP) logger implementation
2021-09-09 13:48:17,172 [ERROR] LogOutputStream:74 - [STDERR_REDIRECT] SLF4J: See http://www.slf4j.org/codes.html#StaticLoggerBinder for further details.
2021-09-09 13:48:20,378 [ERROR] LogOutputStream:74 - [STDERR_REDIRECT] Eyl 09, 2021 1:48:20 ?S org.glassfish.grizzly.http.server.NetworkListener start
2021-09-09 13:48:20,381 [ERROR] LogOutputStream:74 - [STDERR_REDIRECT] INFO: Started listener bound to [localhost:1594]
2021-09-09 13:48:20,382 [ERROR] LogOutputStream:74 - [STDERR_REDIRECT] 
2021-09-09 13:48:20,387 [ERROR] LogOutputStream:74 - [STDERR_REDIRECT] Eyl 09, 2021 1:48:20 ?S org.glassfish.grizzly.http.server.HttpServer start
2021-09-09 13:48:20,389 [ERROR] LogOutputStream:74 - [STDERR_REDIRECT] INFO: [HttpServer] Started.
2021-09-09 13:48:20,389 [ERROR] LogOutputStream:74 - [STDERR_REDIRECT] 
2021-09-09 17:14:37,712 [ERROR] LogOutputStream:74 - [STDERR_REDIRECT] 
2021-09-09 18:07:09,806 [INFO] Activator:177 - 


2021-09-09 18:07:09,818 [INFO] Activator:178 - !SESSION log4j initialized
2021-09-09 18:07:30,807 [ERROR] LogOutputStream:74 - [STDERR_REDIRECT] SLF4J: Failed to load class "org.slf4j.impl.StaticLoggerBinder".
2021-09-09 18:07:30,809 [ERROR] LogOutputStream:74 - [STDERR_REDIRECT] SLF4J: Defaulting to no-operation (NOP) logger implementation
2021-09-09 18:07:30,814 [ERROR] LogOutputStream:74 - [STDERR_REDIRECT] SLF4J: See http://www.slf4j.org/codes.html#StaticLoggerBinder for further details.
2021-09-09 18:07:45,216 [ERROR] LogOutputStream:74 - [STDERR_REDIRECT] Eyl 09, 2021 6:07:45 ?S org.glassfish.grizzly.http.server.NetworkListener start
2021-09-09 18:07:45,219 [ERROR] LogOutputStream:74 - [STDERR_REDIRECT] INFO: Started listener bound to [localhost:1598]
2021-09-09 18:07:45,220 [ERROR] LogOutputStream:74 - [STDERR_REDIRECT] 
2021-09-09 18:07:45,225 [ERROR] LogOutputStream:74 - [STDERR_REDIRECT] Eyl 09, 2021 6:07:45 ?S org.glassfish.grizzly.http.server.HttpServer start
2021-09-09 18:07:45,227 [ERROR] LogOutputStream:74 - [STDERR_REDIRECT] INFO: [HttpServer] Started.
2021-09-09 18:07:45,227 [ERROR] LogOutputStream:74 - [STDERR_REDIRECT] 
2021-09-09 21:26:48,848 [INFO] Activator:177 - 


2021-09-09 21:26:48,868 [INFO] Activator:178 - !SESSION log4j initialized
2021-09-09 21:27:14,336 [ERROR] LogOutputStream:74 - [STDERR_REDIRECT] SLF4J: Failed to load class "org.slf4j.impl.StaticLoggerBinder".
2021-09-09 21:27:14,336 [ERROR] LogOutputStream:74 - [STDERR_REDIRECT] SLF4J: Defaulting to no-operation (NOP) logger implementation
2021-09-09 21:27:14,336 [ERROR] LogOutputStream:74 - [STDERR_REDIRECT] SLF4J: See http://www.slf4j.org/codes.html#StaticLoggerBinder for further details.
2021-09-09 21:27:34,496 [ERROR] LogOutputStream:74 - [STDERR_REDIRECT] Eyl 09, 2021 9:27:34 ?S org.glassfish.grizzly.http.server.NetworkListener start
2021-09-09 21:27:34,506 [ERROR] LogOutputStream:74 - [STDERR_REDIRECT] INFO: Started listener bound to [localhost:1593]
2021-09-09 21:27:34,506 [ERROR] LogOutputStream:74 - [STDERR_REDIRECT] 
2021-09-09 21:27:34,506 [ERROR] LogOutputStream:74 - [STDERR_REDIRECT] Eyl 09, 2021 9:27:34 ?S org.glassfish.grizzly.http.server.HttpServer start
2021-09-09 21:27:34,506 [ERROR] LogOutputStream:74 - [STDERR_REDIRECT] INFO: [HttpServer] Started.
2021-09-09 21:27:34,506 [ERROR] LogOutputStream:74 - [STDERR_REDIRECT] 
2021-09-10 12:18:18,615 [INFO] Activator:177 - 


2021-09-10 12:18:18,686 [INFO] Activator:178 - !SESSION log4j initialized
2021-09-10 12:19:05,096 [ERROR] LogOutputStream:74 - [STDERR_REDIRECT] SLF4J: Failed to load class "org.slf4j.impl.StaticLoggerBinder".
2021-09-10 12:19:05,137 [ERROR] LogOutputStream:74 - [STDERR_REDIRECT] SLF4J: Defaulting to no-operation (NOP) logger implementation
2021-09-10 12:19:05,141 [ERROR] LogOutputStream:74 - [STDERR_REDIRECT] SLF4J: See http://www.slf4j.org/codes.html#StaticLoggerBinder for further details.
2021-09-10 12:19:17,242 [ERROR] LogOutputStream:74 - [STDERR_REDIRECT] Eyl 10, 2021 12:19:17 ?S org.glassfish.grizzly.http.server.NetworkListener start
2021-09-10 12:19:17,244 [ERROR] LogOutputStream:74 - [STDERR_REDIRECT] INFO: Started listener bound to [localhost:1595]
2021-09-10 12:19:17,245 [ERROR] LogOutputStream:74 - [STDERR_REDIRECT] 
2021-09-10 12:19:17,247 [ERROR] LogOutputStream:74 - [STDERR_REDIRECT] Eyl 10, 2021 12:19:17 ?S org.glassfish.grizzly.http.server.HttpServer start
2021-09-10 12:19:17,249 [ERROR] LogOutputStream:74 - [STDERR_REDIRECT] INFO: [HttpServer] Started.
2021-09-10 12:19:17,250 [ERROR] LogOutputStream:74 - [STDERR_REDIRECT] 
